[
  {
    "level": "info",
    "timestamp": "Fri Oct 17 2025 10:54:16 GMT-0500 (Central Daylight Time)",
    "message": "starting on port: 3000"
  },
  {
    "level": "error",
    "timestamp": "Fri Oct 17 2025 10:54:27 GMT-0500 (Central Daylight Time)",
    "message": {
      "message": "Request Error: Not Found",
      "instanceVariables": {
        "status": 404,
        "url": "/auth/accept/hhfhfhfhf",
        "method": "GET",
        "ip": "::1"
      }
    },
    "stack": "(D:\\code\\realityucisgeorgia\\express\\app.js:173:13)\nhandle_error (D:\\code\\realityucisgeorgia\\express\\node_modules\\express\\lib\\router\\layer.js:71:5)\ntrim_prefix (D:\\code\\realityucisgeorgia\\express\\node_modules\\express\\lib\\router\\index.js:326:13)\n(D:\\code\\realityucisgeorgia\\express\\node_modules\\express\\lib\\router\\index.js:286:9)\nprocess_params (D:\\code\\realityucisgeorgia\\express\\node_modules\\express\\lib\\router\\index.js:346:12)\nnext (D:\\code\\realityucisgeorgia\\express\\node_modules\\express\\lib\\router\\index.js:280:10)\n(D:\\code\\realityucisgeorgia\\express\\app.js:152:3)\nhandle (D:\\code\\realityucisgeorgia\\express\\node_modules\\express\\lib\\router\\layer.js:95:5)"
  },
  {
    "level": "error",
    "timestamp": "Fri Oct 17 2025 10:54:28 GMT-0500 (Central Daylight Time)",
    "message": {
      "message": "Request Error: Not Found",
      "instanceVariables": {
        "status": 404,
        "url": "/imgs/Header.jpg",
        "method": "GET",
        "ip": "::1"
      }
    },
    "stack": "(D:\\code\\realityucisgeorgia\\express\\app.js:173:13)\nhandle_error (D:\\code\\realityucisgeorgia\\express\\node_modules\\express\\lib\\router\\layer.js:71:5)\ntrim_prefix (D:\\code\\realityucisgeorgia\\express\\node_modules\\express\\lib\\router\\index.js:326:13)\n(D:\\code\\realityucisgeorgia\\express\\node_modules\\express\\lib\\router\\index.js:286:9)\nprocess_params (D:\\code\\realityucisgeorgia\\express\\node_modules\\express\\lib\\router\\index.js:346:12)\nnext (D:\\code\\realityucisgeorgia\\express\\node_modules\\express\\lib\\router\\index.js:280:10)\n(D:\\code\\realityucisgeorgia\\express\\app.js:152:3)\nhandle (D:\\code\\realityucisgeorgia\\express\\node_modules\\express\\lib\\router\\layer.js:95:5)"
  },
  {
    "level": "error",
    "timestamp": "Fri Oct 17 2025 10:54:28 GMT-0500 (Central Daylight Time)",
    "message": {
      "message": "Request Error: Not Found",
      "instanceVariables": {
        "status": 404,
        "url": "/imgs/Footer.jpg",
        "method": "GET",
        "ip": "::1"
      }
    },
    "stack": "(D:\\code\\realityucisgeorgia\\express\\app.js:173:13)\nhandle_error (D:\\code\\realityucisgeorgia\\express\\node_modules\\express\\lib\\router\\layer.js:71:5)\ntrim_prefix (D:\\code\\realityucisgeorgia\\express\\node_modules\\express\\lib\\router\\index.js:326:13)\n(D:\\code\\realityucisgeorgia\\express\\node_modules\\express\\lib\\router\\index.js:286:9)\nprocess_params (D:\\code\\realityucisgeorgia\\express\\node_modules\\express\\lib\\router\\index.js:346:12)\nnext (D:\\code\\realityucisgeorgia\\express\\node_modules\\express\\lib\\router\\index.js:280:10)\n(D:\\code\\realityucisgeorgia\\express\\app.js:152:3)\nhandle (D:\\code\\realityucisgeorgia\\express\\node_modules\\express\\lib\\router\\layer.js:95:5)"
  },
  {
    "level": "error",
    "timestamp": "Fri Oct 17 2025 10:54:31 GMT-0500 (Central Daylight Time)",
    "message": {
      "message": "Request Error: Not Found",
      "instanceVariables": {
        "status": 404,
        "url": "/vids/promo.mp4",
        "method": "GET",
        "ip": "::1"
      }
    },
    "stack": "(D:\\code\\realityucisgeorgia\\express\\app.js:173:13)\nhandle_error (D:\\code\\realityucisgeorgia\\express\\node_modules\\express\\lib\\router\\layer.js:71:5)\ntrim_prefix (D:\\code\\realityucisgeorgia\\express\\node_modules\\express\\lib\\router\\index.js:326:13)\n(D:\\code\\realityucisgeorgia\\express\\node_modules\\express\\lib\\router\\index.js:286:9)\nprocess_params (D:\\code\\realityucisgeorgia\\express\\node_modules\\express\\lib\\router\\index.js:346:12)\nnext (D:\\code\\realityucisgeorgia\\express\\node_modules\\express\\lib\\router\\index.js:280:10)\n(D:\\code\\realityucisgeorgia\\express\\app.js:152:3)\nhandle (D:\\code\\realityucisgeorgia\\express\\node_modules\\express\\lib\\router\\layer.js:95:5)"
  },
  {
    "level": "error",
    "timestamp": "Fri Oct 17 2025 10:54:39 GMT-0500 (Central Daylight Time)",
    "message": {
      "message": "Request Error: Not Found",
      "instanceVariables": {
        "status": 404,
        "url": "/.well-known/appspecific/com.chrome.devtools.json",
        "method": "GET",
        "ip": "::1"
      }
    },
    "stack": "(D:\\code\\realityucisgeorgia\\express\\app.js:173:13)\nhandle_error (D:\\code\\realityucisgeorgia\\express\\node_modules\\express\\lib\\router\\layer.js:71:5)\ntrim_prefix (D:\\code\\realityucisgeorgia\\express\\node_modules\\express\\lib\\router\\index.js:326:13)\n(D:\\code\\realityucisgeorgia\\express\\node_modules\\express\\lib\\router\\index.js:286:9)\nprocess_params (D:\\code\\realityucisgeorgia\\express\\node_modules\\express\\lib\\router\\index.js:346:12)\nnext (D:\\code\\realityucisgeorgia\\express\\node_modules\\express\\lib\\router\\index.js:280:10)\n(D:\\code\\realityucisgeorgia\\express\\app.js:152:3)\nhandle (D:\\code\\realityucisgeorgia\\express\\node_modules\\express\\lib\\router\\layer.js:95:5)"
  },
  {
    "level": "error",
    "timestamp": "Fri Oct 17 2025 10:54:59 GMT-0500 (Central Daylight Time)",
    "message": {
      "message": "Request Error: Not Found",
      "instanceVariables": {
        "status": 404,
        "url": "/.well-known/appspecific/com.chrome.devtools.json",
        "method": "GET",
        "ip": "::1"
      }
    },
    "stack": "(D:\\code\\realityucisgeorgia\\express\\app.js:173:13)\nhandle_error (D:\\code\\realityucisgeorgia\\express\\node_modules\\express\\lib\\router\\layer.js:71:5)\ntrim_prefix (D:\\code\\realityucisgeorgia\\express\\node_modules\\express\\lib\\router\\index.js:326:13)\n(D:\\code\\realityucisgeorgia\\express\\node_modules\\express\\lib\\router\\index.js:286:9)\nprocess_params (D:\\code\\realityucisgeorgia\\express\\node_modules\\express\\lib\\router\\index.js:346:12)\nnext (D:\\code\\realityucisgeorgia\\express\\node_modules\\express\\lib\\router\\index.js:280:10)\n(D:\\code\\realityucisgeorgia\\express\\app.js:152:3)\nhandle (D:\\code\\realityucisgeorgia\\express\\node_modules\\express\\lib\\router\\layer.js:95:5)"
  },
  {
    "level": "error",
    "timestamp": "Fri Oct 17 2025 10:54:59 GMT-0500 (Central Daylight Time)",
    "message": {
      "message": "Request Error: Not Found",
      "instanceVariables": {
        "status": 404,
        "url": "/vids/promo.mp4",
        "method": "GET",
        "ip": "::1"
      }
    },
    "stack": "(D:\\code\\realityucisgeorgia\\express\\app.js:173:13)\nhandle_error (D:\\code\\realityucisgeorgia\\express\\node_modules\\express\\lib\\router\\layer.js:71:5)\ntrim_prefix (D:\\code\\realityucisgeorgia\\express\\node_modules\\express\\lib\\router\\index.js:326:13)\n(D:\\code\\realityucisgeorgia\\express\\node_modules\\express\\lib\\router\\index.js:286:9)\nprocess_params (D:\\code\\realityucisgeorgia\\express\\node_modules\\express\\lib\\router\\index.js:346:12)\nnext (D:\\code\\realityucisgeorgia\\express\\node_modules\\express\\lib\\router\\index.js:280:10)\n(D:\\code\\realityucisgeorgia\\express\\app.js:152:3)\nhandle (D:\\code\\realityucisgeorgia\\express\\node_modules\\express\\lib\\router\\layer.js:95:5)"
  },
  {
    "level": "error",
    "timestamp": "Fri Oct 17 2025 10:54:59 GMT-0500 (Central Daylight Time)",
    "message": {
      "message": "Request Error: Not Found",
      "instanceVariables": {
        "status": 404,
        "url": "/imgs/Header.jpg",
        "method": "GET",
        "ip": "::1"
      }
    },
    "stack": "(D:\\code\\realityucisgeorgia\\express\\app.js:173:13)\nhandle_error (D:\\code\\realityucisgeorgia\\express\\node_modules\\express\\lib\\router\\layer.js:71:5)\ntrim_prefix (D:\\code\\realityucisgeorgia\\express\\node_modules\\express\\lib\\router\\index.js:326:13)\n(D:\\code\\realityucisgeorgia\\express\\node_modules\\express\\lib\\router\\index.js:286:9)\nprocess_params (D:\\code\\realityucisgeorgia\\express\\node_modules\\express\\lib\\router\\index.js:346:12)\nnext (D:\\code\\realityucisgeorgia\\express\\node_modules\\express\\lib\\router\\index.js:280:10)\n(D:\\code\\realityucisgeorgia\\express\\app.js:152:3)\nhandle (D:\\code\\realityucisgeorgia\\express\\node_modules\\express\\lib\\router\\layer.js:95:5)"
  },
  {
    "level": "error",
    "timestamp": "Fri Oct 17 2025 10:54:59 GMT-0500 (Central Daylight Time)",
    "message": {
      "message": "Request Error: Not Found",
      "instanceVariables": {
        "status": 404,
        "url": "/imgs/Footer.jpg",
        "method": "GET",
        "ip": "::1"
      }
    },
    "stack": "(D:\\code\\realityucisgeorgia\\express\\app.js:173:13)\nhandle_error (D:\\code\\realityucisgeorgia\\express\\node_modules\\express\\lib\\router\\layer.js:71:5)\ntrim_prefix (D:\\code\\realityucisgeorgia\\express\\node_modules\\express\\lib\\router\\index.js:326:13)\n(D:\\code\\realityucisgeorgia\\express\\node_modules\\express\\lib\\router\\index.js:286:9)\nprocess_params (D:\\code\\realityucisgeorgia\\express\\node_modules\\express\\lib\\router\\index.js:346:12)\nnext (D:\\code\\realityucisgeorgia\\express\\node_modules\\express\\lib\\router\\index.js:280:10)\n(D:\\code\\realityucisgeorgia\\express\\app.js:152:3)\nhandle (D:\\code\\realityucisgeorgia\\express\\node_modules\\express\\lib\\router\\layer.js:95:5)"
  },
  {
    "level": "error",
    "timestamp": "Fri Oct 17 2025 11:01:47 GMT-0500 (Central Daylight Time)",
    "message": {
      "message": "Request Error: Not Found",
      "instanceVariables": {
        "status": 404,
        "url": "/.well-known/appspecific/com.chrome.devtools.json",
        "method": "GET",
        "ip": "::1"
      }
    },
    "stack": "(D:\\code\\realityucisgeorgia\\express\\app.js:173:13)\nhandle_error (D:\\code\\realityucisgeorgia\\express\\node_modules\\express\\lib\\router\\layer.js:71:5)\ntrim_prefix (D:\\code\\realityucisgeorgia\\express\\node_modules\\express\\lib\\router\\index.js:326:13)\n(D:\\code\\realityucisgeorgia\\express\\node_modules\\express\\lib\\router\\index.js:286:9)\nprocess_params (D:\\code\\realityucisgeorgia\\express\\node_modules\\express\\lib\\router\\index.js:346:12)\nnext (D:\\code\\realityucisgeorgia\\express\\node_modules\\express\\lib\\router\\index.js:280:10)\n(D:\\code\\realityucisgeorgia\\express\\app.js:152:3)\nhandle (D:\\code\\realityucisgeorgia\\express\\node_modules\\express\\lib\\router\\layer.js:95:5)"
  },
  {
    "level": "error",
    "timestamp": "Fri Oct 17 2025 11:01:47 GMT-0500 (Central Daylight Time)",
    "message": {
      "message": "Request Error: Not Found",
      "instanceVariables": {
        "status": 404,
        "url": "/vids/promo.mp4",
        "method": "GET",
        "ip": "::1"
      }
    },
    "stack": "(D:\\code\\realityucisgeorgia\\express\\app.js:173:13)\nhandle_error (D:\\code\\realityucisgeorgia\\express\\node_modules\\express\\lib\\router\\layer.js:71:5)\ntrim_prefix (D:\\code\\realityucisgeorgia\\express\\node_modules\\express\\lib\\router\\index.js:326:13)\n(D:\\code\\realityucisgeorgia\\express\\node_modules\\express\\lib\\router\\index.js:286:9)\nprocess_params (D:\\code\\realityucisgeorgia\\express\\node_modules\\express\\lib\\router\\index.js:346:12)\nnext (D:\\code\\realityucisgeorgia\\express\\node_modules\\express\\lib\\router\\index.js:280:10)\n(D:\\code\\realityucisgeorgia\\express\\app.js:152:3)\nhandle (D:\\code\\realityucisgeorgia\\express\\node_modules\\express\\lib\\router\\layer.js:95:5)"
  },
  {
    "level": "error",
    "timestamp": "Fri Oct 17 2025 11:02:32 GMT-0500 (Central Daylight Time)",
    "message": {
      "message": "Request Error: Not Found",
      "instanceVariables": {
        "status": 404,
        "url": "/.well-known/appspecific/com.chrome.devtools.json",
        "method": "GET",
        "ip": "::1"
      }
    },
    "stack": "(D:\\code\\realityucisgeorgia\\express\\app.js:173:13)\nhandle_error (D:\\code\\realityucisgeorgia\\express\\node_modules\\express\\lib\\router\\layer.js:71:5)\ntrim_prefix (D:\\code\\realityucisgeorgia\\express\\node_modules\\express\\lib\\router\\index.js:326:13)\n(D:\\code\\realityucisgeorgia\\express\\node_modules\\express\\lib\\router\\index.js:286:9)\nprocess_params (D:\\code\\realityucisgeorgia\\express\\node_modules\\express\\lib\\router\\index.js:346:12)\nnext (D:\\code\\realityucisgeorgia\\express\\node_modules\\express\\lib\\router\\index.js:280:10)\n(D:\\code\\realityucisgeorgia\\express\\app.js:152:3)\nhandle (D:\\code\\realityucisgeorgia\\express\\node_modules\\express\\lib\\router\\layer.js:95:5)"
  },
  {
    "level": "error",
    "timestamp": "Fri Oct 17 2025 11:02:37 GMT-0500 (Central Daylight Time)",
    "message": {
      "message": "Request Error: Not Found",
      "instanceVariables": {
        "status": 404,
        "url": "/.well-known/appspecific/com.chrome.devtools.json",
        "method": "GET",
        "ip": "::1"
      }
    },
    "stack": "(D:\\code\\realityucisgeorgia\\express\\app.js:173:13)\nhandle_error (D:\\code\\realityucisgeorgia\\express\\node_modules\\express\\lib\\router\\layer.js:71:5)\ntrim_prefix (D:\\code\\realityucisgeorgia\\express\\node_modules\\express\\lib\\router\\index.js:326:13)\n(D:\\code\\realityucisgeorgia\\express\\node_modules\\express\\lib\\router\\index.js:286:9)\nprocess_params (D:\\code\\realityucisgeorgia\\express\\node_modules\\express\\lib\\router\\index.js:346:12)\nnext (D:\\code\\realityucisgeorgia\\express\\node_modules\\express\\lib\\router\\index.js:280:10)\n(D:\\code\\realityucisgeorgia\\express\\app.js:152:3)\nhandle (D:\\code\\realityucisgeorgia\\express\\node_modules\\express\\lib\\router\\layer.js:95:5)"
  },
  {
    "level": "error",
    "timestamp": "Fri Oct 17 2025 11:02:39 GMT-0500 (Central Daylight Time)",
    "message": {
      "message": "Request Error: Not Found",
      "instanceVariables": {
        "status": 404,
        "url": "/.well-known/appspecific/com.chrome.devtools.json",
        "method": "GET",
        "ip": "::1"
      }
    },
    "stack": "(D:\\code\\realityucisgeorgia\\express\\app.js:173:13)\nhandle_error (D:\\code\\realityucisgeorgia\\express\\node_modules\\express\\lib\\router\\layer.js:71:5)\ntrim_prefix (D:\\code\\realityucisgeorgia\\express\\node_modules\\express\\lib\\router\\index.js:326:13)\n(D:\\code\\realityucisgeorgia\\express\\node_modules\\express\\lib\\router\\index.js:286:9)\nprocess_params (D:\\code\\realityucisgeorgia\\express\\node_modules\\express\\lib\\router\\index.js:346:12)\nnext (D:\\code\\realityucisgeorgia\\express\\node_modules\\express\\lib\\router\\index.js:280:10)\n(D:\\code\\realityucisgeorgia\\express\\app.js:152:3)\nhandle (D:\\code\\realityucisgeorgia\\express\\node_modules\\express\\lib\\router\\layer.js:95:5)"
  },
  {
    "level": "error",
    "timestamp": "Fri Oct 17 2025 11:02:40 GMT-0500 (Central Daylight Time)",
    "message": {
      "message": "Request Error: Not Found",
      "instanceVariables": {
        "status": 404,
        "url": "/.well-known/appspecific/com.chrome.devtools.json",
        "method": "GET",
        "ip": "::1"
      }
    },
    "stack": "(D:\\code\\realityucisgeorgia\\express\\app.js:173:13)\nhandle_error (D:\\code\\realityucisgeorgia\\express\\node_modules\\express\\lib\\router\\layer.js:71:5)\ntrim_prefix (D:\\code\\realityucisgeorgia\\express\\node_modules\\express\\lib\\router\\index.js:326:13)\n(D:\\code\\realityucisgeorgia\\express\\node_modules\\express\\lib\\router\\index.js:286:9)\nprocess_params (D:\\code\\realityucisgeorgia\\express\\node_modules\\express\\lib\\router\\index.js:346:12)\nnext (D:\\code\\realityucisgeorgia\\express\\node_modules\\express\\lib\\router\\index.js:280:10)\n(D:\\code\\realityucisgeorgia\\express\\app.js:152:3)\nhandle (D:\\code\\realityucisgeorgia\\express\\node_modules\\express\\lib\\router\\layer.js:95:5)"
  },
  {
    "level": "error",
    "timestamp": "Fri Oct 17 2025 11:02:42 GMT-0500 (Central Daylight Time)",
    "message": {
      "message": "Request Error: Not Found",
      "instanceVariables": {
        "status": 404,
        "url": "/.well-known/appspecific/com.chrome.devtools.json",
        "method": "GET",
        "ip": "::1"
      }
    },
    "stack": "(D:\\code\\realityucisgeorgia\\express\\app.js:173:13)\nhandle_error (D:\\code\\realityucisgeorgia\\express\\node_modules\\express\\lib\\router\\layer.js:71:5)\ntrim_prefix (D:\\code\\realityucisgeorgia\\express\\node_modules\\express\\lib\\router\\index.js:326:13)\n(D:\\code\\realityucisgeorgia\\express\\node_modules\\express\\lib\\router\\index.js:286:9)\nprocess_params (D:\\code\\realityucisgeorgia\\express\\node_modules\\express\\lib\\router\\index.js:346:12)\nnext (D:\\code\\realityucisgeorgia\\express\\node_modules\\express\\lib\\router\\index.js:280:10)\n(D:\\code\\realityucisgeorgia\\express\\app.js:152:3)\nhandle (D:\\code\\realityucisgeorgia\\express\\node_modules\\express\\lib\\router\\layer.js:95:5)"
  },
  {
    "level": "error",
    "timestamp": "Fri Oct 17 2025 11:02:45 GMT-0500 (Central Daylight Time)",
    "message": {
      "message": "Request Error: Not Found",
      "instanceVariables": {
        "status": 404,
        "url": "/.well-known/appspecific/com.chrome.devtools.json",
        "method": "GET",
        "ip": "::1"
      }
    },
    "stack": "(D:\\code\\realityucisgeorgia\\express\\app.js:173:13)\nhandle_error (D:\\code\\realityucisgeorgia\\express\\node_modules\\express\\lib\\router\\layer.js:71:5)\ntrim_prefix (D:\\code\\realityucisgeorgia\\express\\node_modules\\express\\lib\\router\\index.js:326:13)\n(D:\\code\\realityucisgeorgia\\express\\node_modules\\express\\lib\\router\\index.js:286:9)\nprocess_params (D:\\code\\realityucisgeorgia\\express\\node_modules\\express\\lib\\router\\index.js:346:12)\nnext (D:\\code\\realityucisgeorgia\\express\\node_modules\\express\\lib\\router\\index.js:280:10)\n(D:\\code\\realityucisgeorgia\\express\\app.js:152:3)\nhandle (D:\\code\\realityucisgeorgia\\express\\node_modules\\express\\lib\\router\\layer.js:95:5)"
  },
  {
    "level": "error",
    "timestamp": "Fri Oct 17 2025 11:02:45 GMT-0500 (Central Daylight Time)",
    "message": {
      "message": "Request Error: Not Found",
      "instanceVariables": {
        "status": 404,
        "url": "/.well-known/appspecific/com.chrome.devtools.json",
        "method": "GET",
        "ip": "::1"
      }
    },
    "stack": "(D:\\code\\realityucisgeorgia\\express\\app.js:173:13)\nhandle_error (D:\\code\\realityucisgeorgia\\express\\node_modules\\express\\lib\\router\\layer.js:71:5)\ntrim_prefix (D:\\code\\realityucisgeorgia\\express\\node_modules\\express\\lib\\router\\index.js:326:13)\n(D:\\code\\realityucisgeorgia\\express\\node_modules\\express\\lib\\router\\index.js:286:9)\nprocess_params (D:\\code\\realityucisgeorgia\\express\\node_modules\\express\\lib\\router\\index.js:346:12)\nnext (D:\\code\\realityucisgeorgia\\express\\node_modules\\express\\lib\\router\\index.js:280:10)\n(D:\\code\\realityucisgeorgia\\express\\app.js:152:3)\nhandle (D:\\code\\realityucisgeorgia\\express\\node_modules\\express\\lib\\router\\layer.js:95:5)"
  },
  {
    "level": "error",
    "timestamp": "Fri Oct 17 2025 11:02:47 GMT-0500 (Central Daylight Time)",
    "message": {
      "message": "Request Error: Not Found",
      "instanceVariables": {
        "status": 404,
        "url": "/.well-known/appspecific/com.chrome.devtools.json",
        "method": "GET",
        "ip": "::1"
      }
    },
    "stack": "(D:\\code\\realityucisgeorgia\\express\\app.js:173:13)\nhandle_error (D:\\code\\realityucisgeorgia\\express\\node_modules\\express\\lib\\router\\layer.js:71:5)\ntrim_prefix (D:\\code\\realityucisgeorgia\\express\\node_modules\\express\\lib\\router\\index.js:326:13)\n(D:\\code\\realityucisgeorgia\\express\\node_modules\\express\\lib\\router\\index.js:286:9)\nprocess_params (D:\\code\\realityucisgeorgia\\express\\node_modules\\express\\lib\\router\\index.js:346:12)\nnext (D:\\code\\realityucisgeorgia\\express\\node_modules\\express\\lib\\router\\index.js:280:10)\n(D:\\code\\realityucisgeorgia\\express\\app.js:152:3)\nhandle (D:\\code\\realityucisgeorgia\\express\\node_modules\\express\\lib\\router\\layer.js:95:5)"
  },
  {
    "level": "error",
    "timestamp": "Fri Oct 17 2025 11:02:47 GMT-0500 (Central Daylight Time)",
    "message": {
      "message": "Request Error: Not Found",
      "instanceVariables": {
        "status": 404,
        "url": "/.well-known/appspecific/com.chrome.devtools.json",
        "method": "GET",
        "ip": "::1"
      }
    },
    "stack": "(D:\\code\\realityucisgeorgia\\express\\app.js:173:13)\nhandle_error (D:\\code\\realityucisgeorgia\\express\\node_modules\\express\\lib\\router\\layer.js:71:5)\ntrim_prefix (D:\\code\\realityucisgeorgia\\express\\node_modules\\express\\lib\\router\\index.js:326:13)\n(D:\\code\\realityucisgeorgia\\express\\node_modules\\express\\lib\\router\\index.js:286:9)\nprocess_params (D:\\code\\realityucisgeorgia\\express\\node_modules\\express\\lib\\router\\index.js:346:12)\nnext (D:\\code\\realityucisgeorgia\\express\\node_modules\\express\\lib\\router\\index.js:280:10)\n(D:\\code\\realityucisgeorgia\\express\\app.js:152:3)\nhandle (D:\\code\\realityucisgeorgia\\express\\node_modules\\express\\lib\\router\\layer.js:95:5)"
  },
  {
    "level": "error",
    "timestamp": "Fri Oct 17 2025 11:02:49 GMT-0500 (Central Daylight Time)",
    "message": {
      "message": "Request Error: Not Found",
      "instanceVariables": {
        "status": 404,
        "url": "/.well-known/appspecific/com.chrome.devtools.json",
        "method": "GET",
        "ip": "::1"
      }
    },
    "stack": "(D:\\code\\realityucisgeorgia\\express\\app.js:173:13)\nhandle_error (D:\\code\\realityucisgeorgia\\express\\node_modules\\express\\lib\\router\\layer.js:71:5)\ntrim_prefix (D:\\code\\realityucisgeorgia\\express\\node_modules\\express\\lib\\router\\index.js:326:13)\n(D:\\code\\realityucisgeorgia\\express\\node_modules\\express\\lib\\router\\index.js:286:9)\nprocess_params (D:\\code\\realityucisgeorgia\\express\\node_modules\\express\\lib\\router\\index.js:346:12)\nnext (D:\\code\\realityucisgeorgia\\express\\node_modules\\express\\lib\\router\\index.js:280:10)\n(D:\\code\\realityucisgeorgia\\express\\app.js:152:3)\nhandle (D:\\code\\realityucisgeorgia\\express\\node_modules\\express\\lib\\router\\layer.js:95:5)"
  },
  {
    "level": "error",
    "timestamp": "Fri Oct 17 2025 11:02:49 GMT-0500 (Central Daylight Time)",
    "message": {
      "message": "Request Error: Not Found",
      "instanceVariables": {
        "status": 404,
        "url": "/.well-known/appspecific/com.chrome.devtools.json",
        "method": "GET",
        "ip": "::1"
      }
    },
    "stack": "(D:\\code\\realityucisgeorgia\\express\\app.js:173:13)\nhandle_error (D:\\code\\realityucisgeorgia\\express\\node_modules\\express\\lib\\router\\layer.js:71:5)\ntrim_prefix (D:\\code\\realityucisgeorgia\\express\\node_modules\\express\\lib\\router\\index.js:326:13)\n(D:\\code\\realityucisgeorgia\\express\\node_modules\\express\\lib\\router\\index.js:286:9)\nprocess_params (D:\\code\\realityucisgeorgia\\express\\node_modules\\express\\lib\\router\\index.js:346:12)\nnext (D:\\code\\realityucisgeorgia\\express\\node_modules\\express\\lib\\router\\index.js:280:10)\n(D:\\code\\realityucisgeorgia\\express\\app.js:152:3)\nhandle (D:\\code\\realityucisgeorgia\\express\\node_modules\\express\\lib\\router\\layer.js:95:5)"
  },
  {
    "level": "error",
    "timestamp": "Fri Oct 17 2025 11:02:52 GMT-0500 (Central Daylight Time)",
    "message": {
      "message": "Request Error: Not Found",
      "instanceVariables": {
        "status": 404,
        "url": "/.well-known/appspecific/com.chrome.devtools.json",
        "method": "GET",
        "ip": "::1"
      }
    },
    "stack": "(D:\\code\\realityucisgeorgia\\express\\app.js:173:13)\nhandle_error (D:\\code\\realityucisgeorgia\\express\\node_modules\\express\\lib\\router\\layer.js:71:5)\ntrim_prefix (D:\\code\\realityucisgeorgia\\express\\node_modules\\express\\lib\\router\\index.js:326:13)\n(D:\\code\\realityucisgeorgia\\express\\node_modules\\express\\lib\\router\\index.js:286:9)\nprocess_params (D:\\code\\realityucisgeorgia\\express\\node_modules\\express\\lib\\router\\index.js:346:12)\nnext (D:\\code\\realityucisgeorgia\\express\\node_modules\\express\\lib\\router\\index.js:280:10)\n(D:\\code\\realityucisgeorgia\\express\\app.js:152:3)\nhandle (D:\\code\\realityucisgeorgia\\express\\node_modules\\express\\lib\\router\\layer.js:95:5)"
  },
  {
    "level": "error",
    "timestamp": "Fri Oct 17 2025 11:02:52 GMT-0500 (Central Daylight Time)",
    "message": {
      "message": "Request Error: Not Found",
      "instanceVariables": {
        "status": 404,
        "url": "/.well-known/appspecific/com.chrome.devtools.json",
        "method": "GET",
        "ip": "::1"
      }
    },
    "stack": "(D:\\code\\realityucisgeorgia\\express\\app.js:173:13)\nhandle_error (D:\\code\\realityucisgeorgia\\express\\node_modules\\express\\lib\\router\\layer.js:71:5)\ntrim_prefix (D:\\code\\realityucisgeorgia\\express\\node_modules\\express\\lib\\router\\index.js:326:13)\n(D:\\code\\realityucisgeorgia\\express\\node_modules\\express\\lib\\router\\index.js:286:9)\nprocess_params (D:\\code\\realityucisgeorgia\\express\\node_modules\\express\\lib\\router\\index.js:346:12)\nnext (D:\\code\\realityucisgeorgia\\express\\node_modules\\express\\lib\\router\\index.js:280:10)\n(D:\\code\\realityucisgeorgia\\express\\app.js:152:3)\nhandle (D:\\code\\realityucisgeorgia\\express\\node_modules\\express\\lib\\router\\layer.js:95:5)"
  }
]